# JRE version: Java(TM) SE Runtime Environment (8.0_191-b12) (build 1.8.0_191-b12)
# Java VM: Java HotSpot(TM) 64-Bit Server VM (25.191-b12 mixed mode linux-amd64 compressed oops)
Heap:
 PSYoungGen      total 595456K, used 251529K [0x00000000d6f80000, 0x0000000100000000, 0x0000000100000000)
  eden space 520704K, 40% used [0x00000000d6f80000,0x00000000e3de30f0,0x00000000f6c00000)
  from space 74752K, 53% used [0x00000000fb700000,0x00000000fde3f648,0x0000000100000000)
  to   space 75776K, 0% used [0x00000000f6c00000,0x00000000f6c00000,0x00000000fb600000)
 ParOldGen       total 1345024K, used 895540K [0x0000000084e00000, 0x00000000d6f80000, 0x00000000d6f80000)
  object space 1345024K, 66% used [0x0000000084e00000,0x00000000bb88d070,0x00000000d6f80000)
 Metaspace       used 117798K, capacity 123212K, committed 123544K, reserved 1157120K
  class space    used 15614K, capacity 16125K, committed 16280K, reserved 1048576K
GC Heap History (10 events):
Event: 1304,671 GC heap before
{Heap before GC invocations=2061 (full 61):
 PSYoungGen      total 573952K, used 551843K [0x00000000d6f80000, 0x0000000100000000, 0x0000000100000000)
  eden space 511488K, 100% used [0x00000000d6f80000,0x00000000f6300000,0x00000000f6300000)
  from space 62464K, 64% used [0x00000000f6300000,0x00000000f8a68dc8,0x00000000fa000000)
  to   space 67584K, 0% used [0x00000000fbe00000,0x00000000fbe00000,0x0000000100000000)
 ParOldGen       total 1345024K, used 895500K [0x0000000084e00000, 0x00000000d6f80000, 0x00000000d6f80000)
  object space 1345024K, 66% used [0x0000000084e00000,0x00000000bb883070,0x00000000d6f80000)
 Metaspace       used 117740K, capacity 123066K, committed 123544K, reserved 1157120K
  class space    used 15610K, capacity 16122K, committed 16280K, reserved 1048576K
Event: 1304,690 GC heap after
Heap after GC invocations=2061 (full 61):
 PSYoungGen      total 598528K, used 38016K [0x00000000d6f80000, 0x0000000100000000, 0x0000000100000000)
  eden space 530944K, 0% used [0x00000000d6f80000,0x00000000d6f80000,0x00000000f7600000)
  from space 67584K, 56% used [0x00000000fbe00000,0x00000000fe320188,0x0000000100000000)
  to   space 70656K, 0% used [0x00000000f7600000,0x00000000f7600000,0x00000000fbb00000)
 ParOldGen       total 1345024K, used 895500K [0x0000000084e00000, 0x00000000d6f80000, 0x00000000d6f80000)
  object space 1345024K, 66% used [0x0000000084e00000,0x00000000bb883070,0x00000000d6f80000)
 Metaspace       used 117740K, capacity 123066K, committed 123544K, reserved 1157120K
  class space    used 15610K, capacity 16122K, committed 16280K, reserved 1048576K
}
Event: 1305,194 GC heap before
{Heap before GC invocations=2062 (full 61):
 PSYoungGen      total 598528K, used 568960K [0x00000000d6f80000, 0x0000000100000000, 0x0000000100000000)
  eden space 530944K, 100% used [0x00000000d6f80000,0x00000000f7600000,0x00000000f7600000)
  from space 67584K, 56% used [0x00000000fbe00000,0x00000000fe320188,0x0000000100000000)
  to   space 70656K, 0% used [0x00000000f7600000,0x00000000f7600000,0x00000000fbb00000)
 ParOldGen       total 1345024K, used 895500K [0x0000000084e00000, 0x00000000d6f80000, 0x00000000d6f80000)
  object space 1345024K, 66% used [0x0000000084e00000,0x00000000bb883070,0x00000000d6f80000)
 Metaspace       used 117744K, capacity 123072K, committed 123544K, reserved 1157120K
  class space    used 15610K, capacity 16123K, committed 16280K, reserved 1048576K
Event: 1305,210 GC heap after
Heap after GC invocations=2062 (full 61):
 PSYoungGen      total 567808K, used 36511K [0x00000000d6f80000, 0x0000000100000000, 0x0000000100000000)
  eden space 530944K, 0% used [0x00000000d6f80000,0x00000000d6f80000,0x00000000f7600000)
  from space 36864K, 99% used [0x00000000f7600000,0x00000000f99a7f98,0x00000000f9a00000)
  to   space 72192K, 0% used [0x00000000fb980000,0x00000000fb980000,0x0000000100000000)
 ParOldGen       total 1345024K, used 895500K [0x0000000084e00000, 0x00000000d6f80000, 0x00000000d6f80000)
  object space 1345024K, 66% used [0x0000000084e00000,0x00000000bb883070,0x00000000d6f80000)
 Metaspace       used 117744K, capacity 123072K, committed 123544K, reserved 1157120K
  class space    used 15610K, capacity 16123K, committed 16280K, reserved 1048576K
}
Event: 1305,729 GC heap before
{Heap before GC invocations=2063 (full 61):
 PSYoungGen      total 567808K, used 567455K [0x00000000d6f80000, 0x0000000100000000, 0x0000000100000000)
  eden space 530944K, 100% used [0x00000000d6f80000,0x00000000f7600000,0x00000000f7600000)
  from space 36864K, 99% used [0x00000000f7600000,0x00000000f99a7f98,0x00000000f9a00000)
  to   space 72192K, 0% used [0x00000000fb980000,0x00000000fb980000,0x0000000100000000)
 ParOldGen       total 1345024K, used 895500K [0x0000000084e00000, 0x00000000d6f80000, 0x00000000d6f80000)
  object space 1345024K, 66% used [0x0000000084e00000,0x00000000bb883070,0x00000000d6f80000)
 Metaspace       used 117749K, capacity 123078K, committed 123544K, reserved 1157120K
  class space    used 15611K, capacity 16124K, committed 16280K, reserved 1048576K
Event: 1305,738 GC heap after
Heap after GC invocations=2063 (full 61):
 PSYoungGen      total 598016K, used 36430K [0x00000000d6f80000, 0x0000000100000000, 0x0000000100000000)
  eden space 525824K, 0% used [0x00000000d6f80000,0x00000000d6f80000,0x00000000f7100000)
  from space 72192K, 50% used [0x00000000fb980000,0x00000000fdd13918,0x0000000100000000)
  to   space 73216K, 0% used [0x00000000f7100000,0x00000000f7100000,0x00000000fb880000)
 ParOldGen       total 1345024K, used 895500K [0x0000000084e00000, 0x00000000d6f80000, 0x00000000d6f80000)
  object space 1345024K, 66% used [0x0000000084e00000,0x00000000bb883070,0x00000000d6f80000)
 Metaspace       used 117749K, capacity 123078K, committed 123544K, reserved 1157120K
  class space    used 15611K, capacity 16124K, committed 16280K, reserved 1048576K
}
Event: 1306,056 GC heap before
{Heap before GC invocations=2064 (full 61):
 PSYoungGen      total 598016K, used 562254K [0x00000000d6f80000, 0x0000000100000000, 0x0000000100000000)
  eden space 525824K, 100% used [0x00000000d6f80000,0x00000000f7100000,0x00000000f7100000)
  from space 72192K, 50% used [0x00000000fb980000,0x00000000fdd13918,0x0000000100000000)
  to   space 73216K, 0% used [0x00000000f7100000,0x00000000f7100000,0x00000000fb880000)
 ParOldGen       total 1345024K, used 895500K [0x0000000084e00000, 0x00000000d6f80000, 0x00000000d6f80000)
  object space 1345024K, 66% used [0x0000000084e00000,0x00000000bb883070,0x00000000d6f80000)
 Metaspace       used 117749K, capacity 123078K, committed 123544K, reserved 1157120K
  class space    used 15611K, capacity 16124K, committed 16280K, reserved 1048576K
Event: 1306,066 GC heap after
Heap after GC invocations=2064 (full 61):
 PSYoungGen      total 565760K, used 39632K [0x00000000d6f80000, 0x0000000100000000, 0x0000000100000000)
  eden space 525824K, 0% used [0x00000000d6f80000,0x00000000d6f80000,0x00000000f7100000)
  from space 39936K, 99% used [0x00000000f7100000,0x00000000f97b4220,0x00000000f9800000)
  to   space 74752K, 0% used [0x00000000fb700000,0x00000000fb700000,0x0000000100000000)
 ParOldGen       total 1345024K, used 895500K [0x0000000084e00000, 0x00000000d6f80000, 0x00000000d6f80000)
  object space 1345024K, 66% used [0x0000000084e00000,0x00000000bb883070,0x00000000d6f80000)
 Metaspace       used 117749K, capacity 123078K, committed 123544K, reserved 1157120K
  class space    used 15611K, capacity 16124K, committed 16280K, reserved 1048576K
}
Event: 1306,559 GC heap before
{Heap before GC invocations=2065 (full 61):
 PSYoungGen      total 565760K, used 565456K [0x00000000d6f80000, 0x0000000100000000, 0x0000000100000000)
  eden space 525824K, 100% used [0x00000000d6f80000,0x00000000f7100000,0x00000000f7100000)
  from space 39936K, 99% used [0x00000000f7100000,0x00000000f97b4220,0x00000000f9800000)
  to   space 74752K, 0% used [0x00000000fb700000,0x00000000fb700000,0x0000000100000000)
 ParOldGen       total 1345024K, used 895500K [0x0000000084e00000, 0x00000000d6f80000, 0x00000000d6f80000)
  object space 1345024K, 66% used [0x0000000084e00000,0x00000000bb883070,0x00000000d6f80000)
 Metaspace       used 117752K, capacity 123084K, committed 123544K, reserved 1157120K
  class space    used 15611K, capacity 16125K, committed 16280K, reserved 1048576K
Event: 1306,572 GC heap after
Heap after GC invocations=2065 (full 61):
 PSYoungGen      total 595456K, used 40189K [0x00000000d6f80000, 0x0000000100000000, 0x0000000100000000)
  eden space 520704K, 0% used [0x00000000d6f80000,0x00000000d6f80000,0x00000000f6c00000)
  from space 74752K, 53% used [0x00000000fb700000,0x00000000fde3f648,0x0000000100000000)
  to   space 75776K, 0% used [0x00000000f6c00000,0x00000000f6c00000,0x00000000fb600000)
 ParOldGen       total 1345024K, used 895540K [0x0000000084e00000, 0x00000000d6f80000, 0x00000000d6f80000)
  object space 1345024K, 66% used [0x0000000084e00000,0x00000000bb88d070,0x00000000d6f80000)
 Metaspace       used 117752K, capacity 123084K, committed 123544K, reserved 1157120K
  class space    used 15611K, capacity 16125K, committed 16280K, reserved 1048576K
}

